<?xml version="1.0" encoding="UTF-8"?>
<robot generator="Robot 6.0 (Python 3.11.0 on win32)" generated="20230508 16:15:14.435" rpa="false" schemaversion="3">
<suite id="s1" name="Cimbpost" source="C:\rotest\newtest\extest\TestCase\postfrom\cimbpost.robot">
<test id="s1-t1" name="TC01 qrcimb SIT" line="7">
<kw name="opensitpostfrom" library="keyword">
<arg>${sitpostfrom}</arg>
<arg>${browser}</arg>
<kw name="Open Browser" library="Selenium2Library">
<arg>${sitpostfrom}</arg>
<arg>${browser}</arg>
<doc>Opens a new browser instance to the optional ``url``.</doc>
<msg timestamp="20230508 16:15:14.610" level="INFO">Opening browser 'chrome' to base url 'https://dev-hwplugin.chillpay.co/chillpay/payment/dev3/form-payment.php'.</msg>
<status status="PASS" starttime="20230508 16:15:14.610" endtime="20230508 16:15:16.046"/>
</kw>
<kw name="Wait Until Page Contains" library="Selenium2Library">
<arg>Merchant Code</arg>
<doc>Waits until ``text`` appears on the current page.</doc>
<status status="PASS" starttime="20230508 16:15:16.046" endtime="20230508 16:15:16.059"/>
</kw>
<kw name="Log To Console" library="BuiltIn">
<arg>${\n} ${\n} Open URL : ${sitapi}</arg>
<doc>Logs the given message to the console.</doc>
<status status="PASS" starttime="20230508 16:15:16.059" endtime="20230508 16:15:16.060"/>
</kw>
<status status="PASS" starttime="20230508 16:15:14.609" endtime="20230508 16:15:16.060"/>
</kw>
<kw name="open sit cimb new" library="keyword">
<arg>${merchantbox}</arg>
<arg>${merchantme}</arg>
<kw name="Select From List By Value" library="Selenium2Library">
<arg>${merchantbox}</arg>
<arg>${merchantMe}</arg>
<doc>Selects options from selection list ``locator`` by ``values``.</doc>
<msg timestamp="20230508 16:15:16.061" level="INFO">Selecting options from selection list 'id:MerchantCode' by value M030371.</msg>
<status status="PASS" starttime="20230508 16:15:16.061" endtime="20230508 16:15:16.146"/>
</kw>
<kw name="Select From List By Value" library="Selenium2Library">
<arg>${channalbox}</arg>
<arg>${channalqr}</arg>
<doc>Selects options from selection list ``locator`` by ``values``.</doc>
<msg timestamp="20230508 16:15:16.147" level="INFO">Selecting options from selection list 'id:ChannelID' by value bank_qrcode.</msg>
<status status="PASS" starttime="20230508 16:15:16.146" endtime="20230508 16:15:16.198"/>
</kw>
<kw name="Select From List By Value" library="Selenium2Library">
<arg>${routebox}</arg>
<arg>${routedata14}</arg>
<doc>Selects options from selection list ``locator`` by ``values``.</doc>
<msg timestamp="20230508 16:15:16.198" level="INFO">Selecting options from selection list 'id:RouteNo' by value 14.</msg>
<status status="PASS" starttime="20230508 16:15:16.198" endtime="20230508 16:15:16.281"/>
</kw>
<kw name="Input Text" library="Selenium2Library">
<arg>${amountbox}</arg>
<arg>${amountdata}</arg>
<doc>Types the given ``text`` into the text field identified by ``locator``.</doc>
<msg timestamp="20230508 16:15:16.282" level="INFO">Typing text '20' into text field 'id:Amount'.</msg>
<status status="PASS" starttime="20230508 16:15:16.282" endtime="20230508 16:15:16.373"/>
</kw>
<kw name="Click Element" library="Selenium2Library">
<arg>${paymentbutton}</arg>
<doc>Click the element identified by ``locator``.</doc>
<msg timestamp="20230508 16:15:16.373" level="INFO">Clicking element 'id:btnSubmit'.</msg>
<status status="PASS" starttime="20230508 16:15:16.373" endtime="20230508 16:15:16.535"/>
</kw>
<kw name="Log To Console" library="BuiltIn">
<arg>${\n} Amount : ${amountdata}</arg>
<doc>Logs the given message to the console.</doc>
<status status="PASS" starttime="20230508 16:15:16.536" endtime="20230508 16:15:16.536"/>
</kw>
<kw name="Wait Until Page Contains" library="Selenium2Library">
<arg>QR PAYMENT</arg>
<doc>Waits until ``text`` appears on the current page.</doc>
<status status="PASS" starttime="20230508 16:15:16.536" endtime="20230508 16:15:31.926"/>
</kw>
<kw name="Click Element" library="Selenium2Library">
<arg>${btnsave}</arg>
<doc>Click the element identified by ``locator``.</doc>
<msg timestamp="20230508 16:15:31.927" level="INFO">Clicking element 'id:BtnSaveQR'.</msg>
<status status="PASS" starttime="20230508 16:15:31.926" endtime="20230508 16:15:31.954"/>
</kw>
<status status="PASS" starttime="20230508 16:15:16.060" endtime="20230508 16:15:31.955"/>
</kw>
<kw name="get value qr" library="keyword">
<arg>${qrsuccess}</arg>
<arg>${browser}</arg>
<kw name="Get Value" library="Selenium2Library">
<var>${ver}</var>
<arg>xpath://*[@id="TnxId"]</arg>
<doc>Returns the value attribute of the element identified by ``locator``.</doc>
<msg timestamp="20230508 16:15:31.982" level="INFO">${ver} = 327148</msg>
<status status="PASS" starttime="20230508 16:15:31.955" endtime="20230508 16:15:31.982"/>
</kw>
<kw name="Set Global Variable" library="BuiltIn">
<arg>${ver}</arg>
<doc>Makes a variable available globally in all tests and suites.</doc>
<msg timestamp="20230508 16:15:31.984" level="INFO">${ver} = 327148</msg>
<status status="PASS" starttime="20230508 16:15:31.982" endtime="20230508 16:15:31.984"/>
</kw>
<kw name="Open Browser" library="Selenium2Library">
<arg>${qrsuccess}</arg>
<arg>${browser}</arg>
<doc>Opens a new browser instance to the optional ``url``.</doc>
<msg timestamp="20230508 16:15:31.984" level="INFO">Opening browser 'chrome' to base url 'https://dev-hwplugin.chillpay.co/chillpay/payment/dev3/confirm-transaction.php'.</msg>
<status status="PASS" starttime="20230508 16:15:31.984" endtime="20230508 16:15:33.354"/>
</kw>
<kw name="Select From List By Value" library="Selenium2Library">
<arg>${channalbox}</arg>
<arg>QRCODE</arg>
<doc>Selects options from selection list ``locator`` by ``values``.</doc>
<msg timestamp="20230508 16:15:33.354" level="INFO">Selecting options from selection list 'id:ChannelID' by value QRCODE.</msg>
<status status="PASS" starttime="20230508 16:15:33.354" endtime="20230508 16:15:33.408"/>
</kw>
<kw name="Input Text" library="Selenium2Library">
<arg>xpath://*[@id="OrderNo"]</arg>
<arg>${ver}</arg>
<doc>Types the given ``text`` into the text field identified by ``locator``.</doc>
<msg timestamp="20230508 16:15:33.409" level="INFO">Typing text '327148' into text field 'xpath://*[@id="OrderNo"]'.</msg>
<status status="PASS" starttime="20230508 16:15:33.408" endtime="20230508 16:15:33.491"/>
</kw>
<kw name="Input Text" library="Selenium2Library">
<arg>xpath://*[@id="Amount"]</arg>
<arg>20.65</arg>
<doc>Types the given ``text`` into the text field identified by ``locator``.</doc>
<msg timestamp="20230508 16:15:33.492" level="INFO">Typing text '20.65' into text field 'xpath://*[@id="Amount"]'.</msg>
<status status="PASS" starttime="20230508 16:15:33.491" endtime="20230508 16:15:33.597"/>
</kw>
<kw name="Sleep" library="BuiltIn">
<arg>3</arg>
<doc>Pauses the test executed for the given time.</doc>
<msg timestamp="20230508 16:15:36.598" level="INFO">Slept 3 seconds</msg>
<status status="PASS" starttime="20230508 16:15:33.597" endtime="20230508 16:15:36.598"/>
</kw>
<status status="PASS" starttime="20230508 16:15:31.955" endtime="20230508 16:15:36.598"/>
</kw>
<doc>Ali Pay
SIT Environment</doc>
<tag>SIT</tag>
<status status="PASS" starttime="20230508 16:15:14.609" endtime="20230508 16:15:36.598"/>
</test>
<status status="PASS" starttime="20230508 16:15:14.436" endtime="20230508 16:15:36.599"/>
</suite>
<statistics>
<total>
<stat pass="1" fail="0" skip="0">All Tests</stat>
</total>
<tag>
<stat pass="1" fail="0" skip="0">SIT</stat>
</tag>
<suite>
<stat pass="1" fail="0" skip="0" id="s1" name="Cimbpost">Cimbpost</stat>
</suite>
</statistics>
<errors>
</errors>
</robot>
