<?xml version="1.0" encoding="UTF-8"?>
<robot generator="Robot 6.1.1 (Python 3.9.6 on darwin)" generated="20231012 15:12:53.174" rpa="false" schemaversion="4">
<suite id="s1" name="Re" source="/Users/putas/robotwab/re.robot">
<test id="s1-t1" name="Quick Get Request Test" line="6">
<kw name="GET" library="RequestsLibrary">
<var>${response}</var>
<arg>https://www.google.com</arg>
<doc>Sends a GET request.</doc>
<msg timestamp="20231012 15:12:53.792" level="INFO">GET Request : url=https://www.google.com/ 
 path_url=/ 
 headers={'User-Agent': 'python-requests/2.31.0', 'Accept-Encoding': 'gzip, deflate', 'Accept': '*/*', 'Connection': 'keep-alive'} 
 body=None 
 </msg>
<msg timestamp="20231012 15:12:53.794" level="INFO">GET Response : url=https://www.google.com/ 
 status=200, reason=OK 
 headers={'Date': 'Thu, 12 Oct 2023 08:12:53 GMT', 'Expires': '-1', 'Cache-Control': 'private, max-age=0', 'Content-Type': 'text/html; charset=ISO-8859-1', 'Content-Security-Policy-Report-Only': "object-src 'none';base-uri 'self';script-src 'nonce-WZC51S2RMZ0WRU8RcMAT1g' 'strict-dynamic' 'report-sample' 'unsafe-eval' 'unsafe-inline' https: http:;report-uri https://csp.withgoogle.com/csp/gws/other-hp", 'P3P': 'CP="This is not a P3P policy! See g.co/p3phelp for more info."', 'Content-Encoding': 'gzip', 'Server': 'gws', 'X-XSS-Protection': '0', 'X-Frame-Options': 'SAMEORIGIN', 'Set-Cookie': '1P_JAR=2023-10-12-08; expires=Sat, 11-Nov-2023 08:12:53 GMT; path=/; domain=.google.com; Secure, AEC=Ackid1QK7eTUYYoKv9nn0er3hnfVyChX9Ow_R2hsf8Yojwbz1H7dd1P-CQ; expires=Tue, 09-Apr-2024 08:12:53 GMT; path=/; domain=.google.com; Secure; HttpOnly; SameSite=lax, NID=511=HD4Bh1V_E8C1opwK8Qp8A7_FClIbAuo3NxmNpR-1ZrMOUjzCEr1-5hw-wf6XFS49TZykTJygkKKGidPRe3kReSi1FHkMneO0Bk600i8b7yyaXMS4kQW4JCB9W44l7ukD_dO6_dDK-nG-nO4IB_jDDFueY20EWud7ex2mZaOHyMk; expires=Fri, 12-Apr-2024 08:12:53 GMT; path=/; domain=.google.com; HttpOnly', 'Alt-Svc': 'h3=":443"; ma=2592000,h3-29=":443"; ma=2592000', 'Transfer-Encoding': 'chunked'} 
 body=&lt;!doctype html&gt;&lt;html itemscope="" itemtype="http://schema.org/WebPage" lang="th"&gt;&lt;head&gt;&lt;meta content="text/html; charset=UTF-8" http-equiv="Content-Type"&gt;&lt;meta content="/images/branding/googleg/1x/googleg_standard_color_128dp.png" itemprop="image"&gt;&lt;title&gt;Google&lt;/title&gt;&lt;script nonce="WZC51S2RMZ0WRU8RcMAT1g"&gt;(function(){var _g={kEI:'haonZZeBIZPN5OUPop2d-Ao',kEXPI:'0,18168,1342951,4348,207,2415,2389,2316,383,246,5,1129120,1197710,691,380089,16115,28684,22430,1362,12313,4752,12834,4998,17075,6885,31559,2872,2891,3926,213,4210,3405,606,60690,2614,13721,20583,4,59617,4437,22601,6636,7596,1,42157,2,39758,5679,1020,31122,4568,6256,9100,14321,1246,29396,762,2912,2,2,1,26632,8155,23350,874,7828,11805,7,1922,7838,1941,12415,23870,6174,20198,1341,4456,13,14327,14,82,7651,12555,4070,4307,8238,10750,5375,3030,5628,10188,1804,12748,1058,2262,17029,2171,5253,6561,1635,23360,3339,7768,146,7652,10502,5213623,108,2,195,473,44,105,6,5994141,97,2803118,3311,141,795,28699,806,11,28,1,9,5,23941008,579,4043528,16673,39458,3032,3,802,591,3,308,319,75,1403,3,816,1393126,23759270,12799,8409,2878,1598,1086,3338,4621,1177,1966,3385,986,2977,2483,1301,298,6020,877,3,6580,3117,1610,791,1598,1879,52,3183,295,49,662,1836,288,4227,2911,776,1960,4319,1638,826,5348,2258,41,521,2739,613,378,2,75,2069,2144,602,3,509,548,631,966,725,361,27,6,5,15,3342,836,479,451,257,7,1,8,410,4,877,856,116,894,216,570,210,90,3974,599,529,106,344,217,89,743,220,731,124,18,92,96,377,38,294,1317,200,737,2,46,7,1123,697,6,902,3,57,64,416,408,121,120,990,12,520,182,3,445,317,536,192,74,321,406,3,2,2,2,197,424,36,1579,4,140,329,11,3,29,17,48,1840,639,481,436,59,1,276,33,10,124,310,206,40,49,868,986,550,93,891,362,4',kBL:'0w9_',kOPI:89978449};(function(){var a;(null==(a=window.google)?0:a.stvsc)?google.kEI=_g.kEI:window.google=_g;}).call(this);})();(function(){google.sn='webhp';google.kHL='th';})();(function(){
var h=this||self;function l(){return void 0!==window.google&amp;&amp;void 0!==window.google.kOPI&amp;&amp;0!==window.google.kOPI?window.google.kOPI:null};var m,n=[];function p(a){for(var b;a&amp;&amp;(!a.getAttribute||!(b=a.getAttribute("eid")));)a=a.parentNode;return b||m}function q(a){for(var b=null;a&amp;&amp;(!a.getAttribute||!(b=a.getAttribute("leid")));)a=a.parentNode;return b}function r(a){/^http:/i.test(a)&amp;&amp;"https:"===window.location.protocol&amp;&amp;(google.ml&amp;&amp;google.ml(Error("a"),!1,{src:a,glmm:1}),a="");return a}
function t(a,b,c,d,k){var e="";-1===b.search("&amp;ei=")&amp;&amp;(e="&amp;ei="+p(d),-1===b.search("&amp;lei=")&amp;&amp;(d=q(d))&amp;&amp;(e+="&amp;lei="+d));d="";var g=-1===b.search("&amp;cshid=")&amp;&amp;"slh"!==a,f=[];f.push(["zx",Date.now().toString()]);h._cshid&amp;&amp;g&amp;&amp;f.push(["cshid",h._cshid]);c=c();null!=c&amp;&amp;f.push(["opi",c.toString()]);for(c=0;c&lt;f.length;c++){if(0===c||0&lt;c)d+="&amp;";d+=f[c][0]+"="+f[c][1]}return"/"+(k||"gen_204")+"?atyp=i&amp;ct="+String(a)+"&amp;cad="+(b+e+d)};m=google.kEI;google.getEI=p;google.getLEI=q;google.ml=function(){return null};google.log=function(a,b,c,d,k,e){e=void 0===e?l:e;c||(c=t(a,b,e,d,k));if(c=r(c)){a=new Image;var g=n.length;n[g]=a;a.onerror=a.onload=a.onabort=function(){delete n[g]};a.src=c}};google.logUrl=function(a,b){b=void 0===b?l:b;return t("",a,b)};}).call(this);(function(){google.y={};google.sy=[];google.x=function(a,b){if(a)var c=a.id;else{do c=Math.random();while(google.y[c])}google.y[c]=[a,b];return!1};google.sx=function(a){google.sy.push(a)};google.lm=[];google.plm=function(a){google.lm.push.apply(google.lm,a)};google.lq=[];google.load=function(a,b,c){google.lq.push([[a],b,c])};google.loadAll=function(a,b){google.lq.push([a,b])};google.bx=!1;google.lx=function(){};var d=[];google.fce=function(a,b,c,e){d.push([a,b,c,e])};google.qce=d;}).call(this);google.f={};(function(){
document.documentElement.addEventListener("submit",function(b){var a;if(a=b.target){var c=a.getAttribute("data-submitfalse");a="1"===c||"q"===c&amp;&amp;!a.elements.q.value?!0:!1}else a=!1;a&amp;&amp;(b.preventDefault(),b.stopPropagation())},!0);document.documentElement.addEventListener("click",function(b){var a;a:{for(a=b.target;a&amp;&amp;a!==document.documentElement;a=a.parentElement)if("A"===a.tagName){a="1"===a.getAttribute("data-nohref");break a}a=!1}a&amp;&amp;b.preventDefault()},!0);}).call(this);&lt;/script&gt;&lt;style&gt;#gbar,#guser{font-size:13px;padding-top:1px !important;}#gbar{height:22px}#guser{padding-bottom:7px !important;text-align:right}.gbh,.gbd{border-top:1px solid #c9d7f1;font-size:1px}.gbh{height:0;position:absolute;top:24px;width:100%}@media all{.gb1{height:22px;margin-right:.5em;vertical-align:top}#gbar{float:left}}a.gb1,a.gb4{text-decoration:underline !important}a.gb1,a.gb4{color:#00c !important}.gbi .gb4{color:#dd8e27 !important}.gbf .gb4{color:#900 !important}
&lt;/style&gt;&lt;style&gt;body,td,a,p,.h{font-family:arial,sans-serif}body{margin:0;overflow-y:scroll}#gog{padding:3px 8px 0}td{line-height:.8em}.gac_m td{line-height:17px}form{margin-bottom:20px}.h{color:#1967d2}em{color:#c5221f;font-style:normal;font-weight:normal}a em{text-decoration:underline}.lst{height:25px;width:496px}.gsfi,.lst{font:18px arial,sans-serif}.gsfs{font:17px arial,sans-serif}.ds{display:inline-box;display:inline-block;margin:3px 0 4px;margin-left:4px}input{font-family:inherit}body{background:#fff;color:#000}a{color:#681da8;text-decoration:none}a:hover,a:active{text-decoration:underline}.fl a{color:#1967d2}a:visited{color:#681da8}.sblc{padding-top:5px}.sblc a{display:block;margin:2px 0;margin-left:13px;font-size:11px}.lsbb{background:#f8f9fa;border:solid 1px;border-color:#dadce0 #70757a #70757a #dadce0;height:30px}.lsbb{display:block}#WqQANb a{display:inline-block;margin:0 12px}.lsb{background:url(/images/nav_logo229.png) 0 -261px repeat-x;color:#000;border:none;cursor:pointer;height:30px;margin:0;outline:0;font:15px arial,sans-serif;vertical-align:top}.lsb:active{background:#dadce0}.lst:focus{outline:none}.Ucigb{width:458px}&lt;/style&gt;&lt;script nonce="WZC51S2RMZ0WRU8RcMAT1g"&gt;(function(){window.google.erd={jsr:1,bv:1881,de:true};
var h=this||self;var k,l=null!=(k=h.mei)?k:1,n,p=null!=(n=h.sdo)?n:!0,q=0,r,t=google.erd,v=t.jsr;google.ml=function(a,b,d,m,e){e=void 0===e?2:e;b&amp;&amp;(r=a&amp;&amp;a.message);void 0===d&amp;&amp;(d={});d.cad="ple_"+google.ple+".aple_"+google.aple;if(google.dl)return google.dl(a,e,d),null;if(0&gt;v){window.console&amp;&amp;console.error(a,d);if(-2===v)throw a;b=!1}else b=!a||!a.message||"Error loading script"===a.message||q&gt;=l&amp;&amp;!m?!1:!0;if(!b)return null;q++;d=d||{};b=encodeURIComponent;var c="/gen_204?atyp=i&amp;ei="+b(google.kEI);google.kEXPI&amp;&amp;(c+="&amp;jexpid="+b(google.kEXPI));c+="&amp;srcpg="+b(google.sn)+"&amp;jsr="+b(t.jsr)+"&amp;bver="+
b(t.bv);var f=a.lineNumber;void 0!==f&amp;&amp;(c+="&amp;line="+f);var g=a.fileName;g&amp;&amp;(0&lt;g.indexOf("-extension:/")&amp;&amp;(e=3),c+="&amp;script="+b(g),f&amp;&amp;g===window.location.href&amp;&amp;(f=document.documentElement.outerHTML.split("\n")[f],c+="&amp;cad="+b(f?f.substring(0,300):"No script found.")));google.ple&amp;&amp;1===google.ple&amp;&amp;(e=2);c+="&amp;jsel="+e;for(var u in d)c+="&amp;",c+=b(u),c+="=",c+=b(d[u]);c=c+"&amp;emsg="+b(a.name+": "+a.message);c=c+"&amp;jsst="+b(a.stack||"N/A");12288&lt;=c.length&amp;&amp;(c=c.substr(0,12288));a=c;m||google.log(0,"",a);return a};window.onerror=function(a,b,d,m,e){r!==a&amp;&amp;(a=e instanceof Error?e:Error(a),void 0===d||"lineNumber"in a||(a.lineNumber=d),void 0===b||"fileName"in a||(a.fileName=b),google.ml(a,!1,void 0,!1,"SyntaxError"===a.name||"SyntaxError"===a.message.substring(0,11)||-1!==a.message.indexOf("Script error")?3:0));r=null;p&amp;&amp;q&gt;=l&amp;&amp;(window.onerror=null)};})();&lt;/script&gt;&lt;/head&gt;&lt;body bgcolor="#fff"&gt;&lt;script nonce="WZC51S2RMZ0WRU8RcMAT1g"&gt;(function(){var src='/images/nav_logo229.png';var iesg=false;document.body.onload = function(){window.n &amp;&amp; window.n();if (document.images){new Image().src=src;}
if (!iesg){document.f&amp;&amp;document.f.q.focus();document.gbqf&amp;&amp;document.gbqf.q.focus();}
}
})();&lt;/script&gt;&lt;div id="mngb"&gt;&lt;div id=gbar&gt;&lt;nobr&gt;&lt;b class=gb1&gt;&amp;#3588;&amp;#3657;&amp;#3609;&amp;#3627;&amp;#3634;&lt;/b&gt; &lt;a class=gb1 href="https://www.google.com/imghp?hl=th&amp;tab=wi"&gt;&amp;#3588;&amp;#3657;&amp;#3609;&amp;#3619;&amp;#3641;&amp;#3611;&lt;/a&gt; &lt;a class=gb1 href="https://maps.google.co.th/maps?hl=th&amp;tab=wl"&gt;Maps&lt;/a&gt; &lt;a class=gb1 href="https://play.google.com/?hl=th&amp;tab=w8"&gt;Play&lt;/a&gt; &lt;a class=gb1 href="https://www.youtube.com/?tab=w1"&gt;YouTube&lt;/a&gt; &lt;a class=gb1 href="https://news.google.com/?tab=wn"&gt;&amp;#3586;&amp;#3656;&amp;#3634;&amp;#3623;&lt;/a&gt; &lt;a class=gb1 href="https://mail.google.com/mail/?tab=wm"&gt;Gmail&lt;/a&gt; &lt;a class=gb1 href="https://drive.google.com/?tab=wo"&gt;&amp;#3652;&amp;#3604;&amp;#3619;&amp;#3615;&amp;#3660;&lt;/a&gt; &lt;a class=gb1 style="text-decoration:none" href="https://www.google.co.th/intl/th/about/products?tab=wh"&gt;&lt;u&gt;&amp;#3629;&amp;#3639;&amp;#3656;&amp;#3609;&amp;#3654;&lt;/u&gt; &amp;raquo;&lt;/a&gt;&lt;/nobr&gt;&lt;/div&gt;&lt;div id=guser width=100%&gt;&lt;nobr&gt;&lt;span id=gbn class=gbi&gt;&lt;/span&gt;&lt;span id=gbf class=gbf&gt;&lt;/span&gt;&lt;span id=gbe&gt;&lt;/span&gt;&lt;a href="http://www.google.co.th/history/optout?hl=th" class=gb4&gt;&amp;#3611;&amp;#3619;&amp;#3632;&amp;#3623;&amp;#3633;&amp;#3605;&amp;#3636;&amp;#3648;&amp;#3623;&amp;#3655;&amp;#3610;&lt;/a&gt; | &lt;a  href="/preferences?hl=th" class=gb4&gt;&amp;#3585;&amp;#3634;&amp;#3619;&amp;#3605;&amp;#3633;&amp;#3657;&amp;#3591;&amp;#3588;&amp;#3656;&amp;#3634;&lt;/a&gt; | &lt;a target=_top id=gb_70 href="https://accounts.google.com/ServiceLogin?hl=th&amp;passive=true&amp;continue=https://www.google.com/&amp;ec=GAZAAQ" class=gb4&gt;&amp;#3648;&amp;#3586;&amp;#3657;&amp;#3634;&amp;#3626;&amp;#3641;&amp;#3656;&amp;#3619;&amp;#3632;&amp;#3610;&amp;#3610;&lt;/a&gt;&lt;/nobr&gt;&lt;/div&gt;&lt;div class=gbh style=left:0&gt;&lt;/div&gt;&lt;div class=gbh style=right:0&gt;&lt;/div&gt;&lt;/div&gt;&lt;center&gt;&lt;br clear="all" id="lgpd"&gt;&lt;div id="lga"&gt;&lt;img alt="Google" height="92" src="/images/branding/googlelogo/1x/googlelogo_white_background_color_272x92dp.png" style="padding:28px 0 14px" width="272" id="hplogo"&gt;&lt;br&gt;&lt;br&gt;&lt;/div&gt;&lt;form action="/search" name="f"&gt;&lt;table cellpadding="0" cellspacing="0"&gt;&lt;tr valign="top"&gt;&lt;td width="25%"&gt;&amp;nbsp;&lt;/td&gt;&lt;td align="center" nowrap=""&gt;&lt;input name="ie" value="ISO-8859-1" type="hidden"&gt;&lt;input value="th" name="hl" type="hidden"&gt;&lt;input name="source" type="hidden" value="hp"&gt;&lt;input name="biw" type="hidden"&gt;&lt;input name="bih" type="hidden"&gt;&lt;div class="ds" style="height:32px;margin:4px 0"&gt;&lt;div style="position:relative;zoom:1"&gt;&lt;input class="lst Ucigb" style="margin:0;padding:5px 8px 0 6px;vertical-align:top;color:#000;padding-right:38px" autocomplete="off" value="" title="&amp;#3588;&amp;#3657;&amp;#360... (set the log level to DEBUG or TRACE to see the full content) 
 </msg>
<msg timestamp="20231012 15:12:53.795" level="INFO">${response} = &lt;Response [200]&gt;</msg>
<status status="PASS" starttime="20231012 15:12:53.222" endtime="20231012 15:12:53.795"/>
</kw>
<status status="PASS" starttime="20231012 15:12:53.222" endtime="20231012 15:12:53.796"/>
</test>
<status status="PASS" starttime="20231012 15:12:53.175" endtime="20231012 15:12:53.797"/>
</suite>
<statistics>
<total>
<stat pass="1" fail="0" skip="0">All Tests</stat>
</total>
<tag>
</tag>
<suite>
<stat pass="1" fail="0" skip="0" id="s1" name="Re">Re</stat>
</suite>
</statistics>
<errors>
</errors>
</robot>
