<?xml version="1.0" encoding="UTF-8"?>
<robot generator="Robot 6.1.1 (Python 3.9.6 on darwin)" generated="20231109 12:21:23.276" rpa="false" schemaversion="4">
<suite id="s1" name="Open" source="/Users/putas/robotwab/open.robot">
<kw name="Open Browser With M1" library="M1-resource" type="SETUP">
<kw name="Set Library Search Order" library="BuiltIn">
<arg>SL2</arg>
<doc>Sets the resolution order to use when a name matches multiple keywords.</doc>
<status status="PASS" starttime="20231109 12:21:23.360" endtime="20231109 12:21:23.361"/>
</kw>
<kw name="Remove Files" library="OperatingSystem">
<arg>${OUTPUTDIR}/${log_file_name}</arg>
<doc>Uses `Remove File` to remove multiple files one-by-one.</doc>
<msg timestamp="20231109 12:21:23.361" level="INFO" html="true">Removed file '&lt;a href="file:///Users/putas/robotwab/geckodriver-1.log"&gt;/Users/putas/robotwab/geckodriver-1.log&lt;/a&gt;'.</msg>
<status status="PASS" starttime="20231109 12:21:23.361" endtime="20231109 12:21:23.361"/>
</kw>
<kw name="Open Browser Page">
<kw name="Open Browser" library="Selenium2Library">
<arg>${sim}</arg>
<arg>${BROWSER}</arg>
<doc>Opens a new browser instance to the optional ``url``.</doc>
<msg timestamp="20231109 12:21:23.362" level="INFO">Opening browser 'Firefox' to base url 'https://www.wikipedia.org/'.</msg>
<status status="PASS" starttime="20231109 12:21:23.362" endtime="20231109 12:21:26.200"/>
</kw>
<kw name="Set Selenium Speed" library="Selenium2Library">
<arg>${DELAY}</arg>
<doc>Sets the delay that is waited after each Selenium command.</doc>
<status status="PASS" starttime="20231109 12:21:26.201" endtime="20231109 12:21:26.201"/>
</kw>
<status status="PASS" starttime="20231109 12:21:23.361" endtime="20231109 12:21:26.201"/>
</kw>
<status status="PASS" starttime="20231109 12:21:23.360" endtime="20231109 12:21:26.201"/>
</kw>
<test id="s1-t1" name="Example Test Case" line="19">
<kw name="Wait Until Element Is Visible" library="Selenium2Library">
<arg>id:js-link-box-en</arg>
<doc>Waits until the element ``locator`` is visible.</doc>
<status status="PASS" starttime="20231109 12:21:26.202" endtime="20231109 12:21:32.274"/>
</kw>
<doc>This is an example test case using Selenium2Library</doc>
<status status="PASS" starttime="20231109 12:21:26.201" endtime="20231109 12:21:32.276"/>
</test>
<kw name="Close Browser" library="Selenium2Library" type="TEARDOWN">
<doc>Closes the current browser.</doc>
<status status="PASS" starttime="20231109 12:21:32.278" endtime="20231109 12:21:35.741"/>
</kw>
<doc>Example Robot Framework Test with Selenium2Library</doc>
<status status="PASS" starttime="20231109 12:21:23.278" endtime="20231109 12:21:35.741"/>
</suite>
<statistics>
<total>
<stat pass="1" fail="0" skip="0">All Tests</stat>
</total>
<tag>
</tag>
<suite>
<stat pass="1" fail="0" skip="0" id="s1" name="Open">Open</stat>
</suite>
</statistics>
<errors>
<msg timestamp="20231109 12:21:23.357" level="ERROR">Error in file '/Users/putas/robotwab/open.robot' on line 6: Setting 'Suite Setup' is not allowed in resource file.</msg>
<msg timestamp="20231109 12:21:23.357" level="ERROR">Error in file '/Users/putas/robotwab/open.robot' on line 7: Setting 'Suite Teardown' is not allowed in resource file.</msg>
<msg timestamp="20231109 12:21:23.358" level="ERROR">Error in file '/Users/putas/robotwab/M1-resource.robot' on line 4: Error in file '/Users/putas/robotwab/open.robot' on line 18: Resource file with 'Test Cases' section is invalid.</msg>
<msg timestamp="20231109 12:21:23.358" level="ERROR">Error in file '/Users/putas/robotwab/M1-resource.robot' on line 11: Setting variable '${remove_screenshot_file_name}' failed: Variable '${prefix}' not found.</msg>
<msg timestamp="20231109 12:21:23.359" level="ERROR">Error in file '/Users/putas/robotwab/M1-resource.robot' on line 10: Setting variable '${screenshot_file_name}' failed: Variable '${prefix}' not found.</msg>
</errors>
</robot>
