<?xml version="1.0" encoding="UTF-8"?>
<robot generator="Robot 6.0 (Python 3.11.0 on win32)" generated="20230519 09:49:08.624" rpa="false" schemaversion="3">
<suite id="s1" name="Oddbay" source="c:\rotest\newtest\PROD Cancel\Testcaseprod\apiv.2\cancelprod\oddbay.robot">
<test id="s1-t1" name="TC01 oddbay PROD" line="7">
<kw name="openprod v2" library="keyword">
<arg>${prodv2}</arg>
<arg>${browser}</arg>
<kw name="Open Browser" library="Selenium2Library">
<arg>${prodv2}</arg>
<arg>${browser}</arg>
<doc>Opens a new browser instance to the optional ``url``.</doc>
<msg timestamp="20230519 09:49:08.856" level="INFO">Opening browser 'chrome' to base url 'https://dev-hwplugin.chillpay.co/chillpay/payment/prod/apiservice-payment02.php'.</msg>
<status status="PASS" starttime="20230519 09:49:08.856" endtime="20230519 09:49:10.512"/>
</kw>
<kw name="Wait Until Page Contains" library="Selenium2Library">
<arg>Merchant Code</arg>
<doc>Waits until ``text`` appears on the current page.</doc>
<status status="PASS" starttime="20230519 09:49:10.512" endtime="20230519 09:49:10.560"/>
</kw>
<kw name="Log To Console" library="BuiltIn">
<arg>${\n} ${\n} Open URL : ${prodv2}</arg>
<doc>Logs the given message to the console.</doc>
<status status="PASS" starttime="20230519 09:49:10.560" endtime="20230519 09:49:10.563"/>
</kw>
<status status="PASS" starttime="20230519 09:49:08.855" endtime="20230519 09:49:10.564"/>
</kw>
<kw name="oddscb cancel" library="keyword">
<arg>${merchantbox}</arg>
<arg>${merchant9}</arg>
<kw name="Select From List By Value" library="Selenium2Library">
<arg>${merchantbox}</arg>
<arg>${merchantM1}</arg>
<doc>Selects options from selection list ``locator`` by ``values``.</doc>
<msg timestamp="20230519 09:49:10.568" level="INFO">Selecting options from selection list 'id:MerchantCode' by value M000001.</msg>
<status status="PASS" starttime="20230519 09:49:10.566" endtime="20230519 09:49:10.753"/>
</kw>
<kw name="Select From List By Value" library="Selenium2Library">
<arg>${channalbox}</arg>
<arg>${channeloddscb}</arg>
<doc>Selects options from selection list ``locator`` by ``values``.</doc>
<msg timestamp="20230519 09:49:10.754" level="INFO">Selecting options from selection list 'id:ChannelID' by value odd_scb.</msg>
<status status="PASS" starttime="20230519 09:49:10.754" endtime="20230519 09:49:10.978"/>
</kw>
<kw name="Select From List By Value" library="Selenium2Library">
<arg>${routebox}</arg>
<arg>${routedata1}</arg>
<doc>Selects options from selection list ``locator`` by ``values``.</doc>
<msg timestamp="20230519 09:49:10.980" level="INFO">Selecting options from selection list 'id:RouteNo' by value 1.</msg>
<status status="PASS" starttime="20230519 09:49:10.979" endtime="20230519 09:49:11.067"/>
</kw>
<kw name="Input Text" library="Selenium2Library">
<arg>${amountbox}</arg>
<arg>${amountdata}</arg>
<doc>Types the given ``text`` into the text field identified by ``locator``.</doc>
<msg timestamp="20230519 09:49:11.070" level="INFO">Typing text '20' into text field 'id:Amount'.</msg>
<status status="PASS" starttime="20230519 09:49:11.068" endtime="20230519 09:49:11.240"/>
</kw>
<kw name="Input Text" library="Selenium2Library">
<arg>${oddaccountbox}</arg>
<arg>${oddaccountscb}</arg>
<doc>Types the given ``text`` into the text field identified by ``locator``.</doc>
<msg timestamp="20230519 09:49:11.242" level="INFO">Typing text 'a3af3f18eb174ba487c38a6768bb4658' into text field 'id:ODDAccount'.</msg>
<status status="PASS" starttime="20230519 09:49:11.240" endtime="20230519 09:49:11.408"/>
</kw>
<kw name="Click Element" library="Selenium2Library">
<arg>${paymentbutton}</arg>
<doc>Click the element identified by ``locator``.</doc>
<msg timestamp="20230519 09:49:11.410" level="INFO">Clicking element 'id:btnSubmit'.</msg>
<status status="PASS" starttime="20230519 09:49:11.408" endtime="20230519 09:49:12.996"/>
</kw>
<kw name="Wait Until Element Is Visible" library="Selenium2Library">
<arg>${mobilenobox}</arg>
<doc>Waits until the element ``locator`` is visible.</doc>
<msg timestamp="20230519 09:49:18.261" level="INFO" html="true">&lt;/td&gt;&lt;/tr&gt;&lt;tr&gt;&lt;td colspan="3"&gt;&lt;a href="selenium-screenshot-1.png"&gt;&lt;img src="selenium-screenshot-1.png" width="800px"&gt;&lt;/a&gt;</msg>
<msg timestamp="20230519 09:49:18.261" level="FAIL">Element 'id:MobileNo' not visible after 5 seconds.</msg>
<status status="FAIL" starttime="20230519 09:49:12.997" endtime="20230519 09:49:18.305"/>
</kw>
<kw name="Input Text" library="Selenium2Library">
<arg>${mobilenobox}</arg>
<arg>${mobileno}</arg>
<doc>Types the given ``text`` into the text field identified by ``locator``.</doc>
<status status="NOT RUN" starttime="20230519 09:49:18.305" endtime="20230519 09:49:18.306"/>
</kw>
<kw name="Click Element" library="Selenium2Library">
<arg>${paymentbutton}</arg>
<doc>Click the element identified by ``locator``.</doc>
<status status="NOT RUN" starttime="20230519 09:49:18.306" endtime="20230519 09:49:18.306"/>
</kw>
<status status="FAIL" starttime="20230519 09:49:10.565" endtime="20230519 09:49:18.306"/>
</kw>
<doc>prodv2 Environment</doc>
<tag>prod</tag>
<status status="FAIL" starttime="20230519 09:49:08.855" endtime="20230519 09:49:18.308">Element 'id:MobileNo' not visible after 5 seconds.</status>
</test>
<status status="FAIL" starttime="20230519 09:49:08.630" endtime="20230519 09:49:18.309"/>
</suite>
<statistics>
<total>
<stat pass="0" fail="1" skip="0">All Tests</stat>
</total>
<tag>
<stat pass="0" fail="1" skip="0">prod</stat>
</tag>
<suite>
<stat pass="0" fail="1" skip="0" id="s1" name="Oddbay">Oddbay</stat>
</suite>
</statistics>
<errors>
</errors>
</robot>
