<?xml version="1.0" encoding="UTF-8"?>
<robot generator="Robot 6.0 (Python 3.11.0 on win32)" generated="20230609 13:27:50.003" rpa="false" schemaversion="3">
<suite id="s1" name="Cimbcode" source="c:\rotest\newtest\extest\TestCase sit\codetemplate\cimbcode.robot">
<test id="s1-t1" name="TC01 cimbcode SIT" line="7">
<kw name="opensitcode" library="keyword">
<arg>${sitcode}</arg>
<arg>${browser}</arg>
<kw name="Open Browser" library="Selenium2Library">
<arg>${sitcode}</arg>
<arg>${browser}</arg>
<doc>Opens a new browser instance to the optional ``url``.</doc>
<msg timestamp="20230609 13:27:50.219" level="INFO">Opening browser 'chrome' to base url 'https://dev-hwplugin.chillpay.co/chillpay/payment/dev3/code-template01.php'.</msg>
<status status="PASS" starttime="20230609 13:27:50.218" endtime="20230609 13:27:52.060"/>
</kw>
<kw name="Wait Until Page Contains" library="Selenium2Library">
<arg>Merchant Code</arg>
<doc>Waits until ``text`` appears on the current page.</doc>
<status status="PASS" starttime="20230609 13:27:52.060" endtime="20230609 13:27:52.074"/>
</kw>
<kw name="Log To Console" library="BuiltIn">
<arg>${\n} ${\n} Open URL : ${sitcode}</arg>
<doc>Logs the given message to the console.</doc>
<status status="PASS" starttime="20230609 13:27:52.074" endtime="20230609 13:27:52.076"/>
</kw>
<status status="PASS" starttime="20230609 13:27:50.218" endtime="20230609 13:27:52.076"/>
</kw>
<kw name="demo qrcode codetemplate" library="keyword">
<arg>${merchantbox}</arg>
<arg>${merchantme}</arg>
<kw name="Select From List By Value" library="Selenium2Library">
<arg>${merchantbox}</arg>
<arg>${merchantme}</arg>
<doc>Selects options from selection list ``locator`` by ``values``.</doc>
<msg timestamp="20230609 13:27:52.078" level="INFO">Selecting options from selection list 'id:MerchantCode' by value M030371.</msg>
<status status="PASS" starttime="20230609 13:27:52.078" endtime="20230609 13:27:52.203"/>
</kw>
<kw name="Select From List By Value" library="Selenium2Library">
<arg>${routebox}</arg>
<arg>${routedata14}</arg>
<doc>Selects options from selection list ``locator`` by ``values``.</doc>
<msg timestamp="20230609 13:27:52.204" level="INFO">Selecting options from selection list 'id:RouteNo' by value 14.</msg>
<status status="PASS" starttime="20230609 13:27:52.203" endtime="20230609 13:27:52.305"/>
</kw>
<kw name="Input Text" library="Selenium2Library">
<arg>${amountbox}</arg>
<arg>${amountdata}</arg>
<doc>Types the given ``text`` into the text field identified by ``locator``.</doc>
<msg timestamp="20230609 13:27:52.306" level="INFO">Typing text '20' into text field 'id:Amount'.</msg>
<status status="PASS" starttime="20230609 13:27:52.305" endtime="20230609 13:27:52.423"/>
</kw>
<kw name="Click Element" library="Selenium2Library">
<arg>${paymentbutton}</arg>
<doc>Click the element identified by ``locator``.</doc>
<msg timestamp="20230609 13:27:52.424" level="INFO">Clicking element 'id:btnSubmit'.</msg>
<status status="PASS" starttime="20230609 13:27:52.424" endtime="20230609 13:27:53.832"/>
</kw>
<kw name="Log To Console" library="BuiltIn">
<arg>${\n} Amount : ${amountdata}</arg>
<doc>Logs the given message to the console.</doc>
<status status="PASS" starttime="20230609 13:27:53.832" endtime="20230609 13:27:53.834"/>
</kw>
<status status="PASS" starttime="20230609 13:27:52.077" endtime="20230609 13:27:53.834"/>
</kw>
<kw name="demo codetemplate qr" library="keyword">
<arg>${clickqr}</arg>
<arg>${clickqrto}</arg>
<kw name="Wait Until Element Is Visible" library="Selenium2Library">
<arg>${clickqr}</arg>
<arg>10</arg>
<doc>Waits until the element ``locator`` is visible.</doc>
<status status="PASS" starttime="20230609 13:27:53.836" endtime="20230609 13:27:54.070"/>
</kw>
<kw name="Click Element" library="Selenium2Library">
<arg>${clickqr}</arg>
<doc>Click the element identified by ``locator``.</doc>
<msg timestamp="20230609 13:27:54.070" level="INFO">Clicking element 'xpath://*[@id="mmp-paymentmethod-tabs"]/div'.</msg>
<status status="PASS" starttime="20230609 13:27:54.070" endtime="20230609 13:27:54.105"/>
</kw>
<kw name="Wait Until Element Is Visible" library="Selenium2Library">
<arg>${clickqr}</arg>
<arg>10</arg>
<doc>Waits until the element ``locator`` is visible.</doc>
<status status="PASS" starttime="20230609 13:27:54.105" endtime="20230609 13:27:54.123"/>
</kw>
<kw name="Click Element" library="Selenium2Library">
<arg>${clickqrto}</arg>
<doc>Click the element identified by ``locator``.</doc>
<msg timestamp="20230609 13:27:54.123" level="INFO">Clicking element 'id:TxtChannelQRPayment'.</msg>
<status status="PASS" starttime="20230609 13:27:54.123" endtime="20230609 13:27:54.157"/>
</kw>
<kw name="Wait Until Element Is Visible" library="Selenium2Library">
<arg>${clickqr}</arg>
<arg>10</arg>
<doc>Waits until the element ``locator`` is visible.</doc>
<status status="PASS" starttime="20230609 13:27:54.157" endtime="20230609 13:27:54.189"/>
</kw>
<kw name="Click Element" library="Selenium2Library">
<arg>${button make Demo}</arg>
<doc>Click the element identified by ``locator``.</doc>
<msg timestamp="20230609 13:27:54.190" level="INFO">Clicking element 'id:mmp-button-submitpayment'.</msg>
<status status="PASS" starttime="20230609 13:27:54.189" endtime="20230609 13:27:54.275"/>
</kw>
<status status="PASS" starttime="20230609 13:27:53.834" endtime="20230609 13:27:54.275"/>
</kw>
<kw name="get value qr" library="keyword">
<arg>${qrsuccess}</arg>
<arg>${browser}</arg>
<kw name="Wait Until Element Is Visible" library="Selenium2Library">
<arg>BtnSaveQR</arg>
<arg>10</arg>
<doc>Waits until the element ``locator`` is visible.</doc>
<status status="PASS" starttime="20230609 13:27:54.277" endtime="20230609 13:27:56.512"/>
</kw>
<kw name="Get Value" library="Selenium2Library">
<var>${ver}</var>
<arg>${gettnx}</arg>
<doc>Returns the value attribute of the element identified by ``locator``.</doc>
<msg timestamp="20230609 13:27:56.532" level="INFO">${ver} = 340479</msg>
<status status="PASS" starttime="20230609 13:27:56.513" endtime="20230609 13:27:56.532"/>
</kw>
<kw name="Set Global Variable" library="BuiltIn">
<arg>${ver}</arg>
<doc>Makes a variable available globally in all tests and suites.</doc>
<msg timestamp="20230609 13:27:56.532" level="INFO">${ver} = 340479</msg>
<status status="PASS" starttime="20230609 13:27:56.532" endtime="20230609 13:27:56.532"/>
</kw>
<kw name="Open Browser" library="Selenium2Library">
<arg>${qrsuccess}</arg>
<arg>${browser}</arg>
<doc>Opens a new browser instance to the optional ``url``.</doc>
<msg timestamp="20230609 13:27:56.533" level="INFO">Opening browser 'chrome' to base url 'https://dev-hwplugin.chillpay.co/chillpay/payment/dev3/confirm-transaction.php'.</msg>
<status status="PASS" starttime="20230609 13:27:56.532" endtime="20230609 13:27:58.330"/>
</kw>
<kw name="Select From List By Value" library="Selenium2Library">
<arg>${channalbox}</arg>
<arg>QRCODE</arg>
<doc>Selects options from selection list ``locator`` by ``values``.</doc>
<msg timestamp="20230609 13:27:58.332" level="INFO">Selecting options from selection list 'id:ChannelID' by value QRCODE.</msg>
<status status="PASS" starttime="20230609 13:27:58.330" endtime="20230609 13:27:58.453"/>
</kw>
<kw name="Input Text" library="Selenium2Library">
<arg>xpath://*[@id="OrderNo"]</arg>
<arg>${ver}</arg>
<doc>Types the given ``text`` into the text field identified by ``locator``.</doc>
<msg timestamp="20230609 13:27:58.454" level="INFO">Typing text '340479' into text field 'xpath://*[@id="OrderNo"]'.</msg>
<status status="PASS" starttime="20230609 13:27:58.453" endtime="20230609 13:27:58.587"/>
</kw>
<kw name="Input Text" library="Selenium2Library">
<arg>xpath://*[@id="Amount"]</arg>
<arg>${amount20.65}</arg>
<doc>Types the given ``text`` into the text field identified by ``locator``.</doc>
<msg timestamp="20230609 13:27:58.589" level="INFO">Typing text '20.65' into text field 'xpath://*[@id="Amount"]'.</msg>
<status status="PASS" starttime="20230609 13:27:58.588" endtime="20230609 13:27:58.695"/>
</kw>
<kw name="Click Element" library="Selenium2Library">
<arg>xpath://*[@id="btnSubmit"]</arg>
<doc>Click the element identified by ``locator``.</doc>
<msg timestamp="20230609 13:27:58.696" level="INFO">Clicking element 'xpath://*[@id="btnSubmit"]'.</msg>
<status status="PASS" starttime="20230609 13:27:58.696" endtime="20230609 13:27:59.007"/>
</kw>
<status status="PASS" starttime="20230609 13:27:54.277" endtime="20230609 13:27:59.007"/>
</kw>
<doc>qrcimb
SIT Environment</doc>
<tag>SIT</tag>
<status status="PASS" starttime="20230609 13:27:50.217" endtime="20230609 13:27:59.007"/>
</test>
<status status="PASS" starttime="20230609 13:27:50.007" endtime="20230609 13:27:59.009"/>
</suite>
<statistics>
<total>
<stat pass="1" fail="0" skip="0">All Tests</stat>
</total>
<tag>
<stat pass="1" fail="0" skip="0">SIT</stat>
</tag>
<suite>
<stat pass="1" fail="0" skip="0" id="s1" name="Cimbcode">Cimbcode</stat>
</suite>
</statistics>
<errors>
</errors>
</robot>
