<?xml version="1.0" encoding="UTF-8"?>
<robot generator="Robot 6.0 (Python 3.11.0 on win32)" generated="20230426 10:10:30.507" rpa="false" schemaversion="3">
<suite id="s1" name="Alipaypost" source="C:\rotest\newtest\extest\TestCase\alipaypost.robot">
<test id="s1-t1" name="TC01 Alipay SIT" line="7">
<kw name="opensitpostfrom" library="keyword">
<arg>${sitpostfrom}</arg>
<arg>${browser}</arg>
<kw name="Open Browser" library="Selenium2Library">
<arg>${sitpostfrom}</arg>
<arg>${browser}</arg>
<doc>Opens a new browser instance to the optional ``url``.</doc>
<msg timestamp="20230426 10:10:30.745" level="INFO">Opening browser 'chrome' to base url 'https://dev-hwplugin.chillpay.co/chillpay/payment/dev3/form-payment.php'.</msg>
<status status="PASS" starttime="20230426 10:10:30.745" endtime="20230426 10:10:32.319"/>
</kw>
<kw name="Wait Until Page Contains" library="Selenium2Library">
<arg>Merchant Code</arg>
<doc>Waits until ``text`` appears on the current page.</doc>
<status status="PASS" starttime="20230426 10:10:32.320" endtime="20230426 10:10:32.341"/>
</kw>
<kw name="Select From List By Value" library="Selenium2Library">
<arg>${merchantbox}</arg>
<arg>${merchant1data}</arg>
<doc>Selects options from selection list ``locator`` by ``values``.</doc>
<msg timestamp="20230426 10:10:32.343" level="INFO">Selecting options from selection list 'id:MerchantCode' by value M000001.</msg>
<status status="PASS" starttime="20230426 10:10:32.341" endtime="20230426 10:10:32.414"/>
</kw>
<kw name="Log To Console" library="BuiltIn">
<arg>${\n} ${\n} Open URL : ${sitapi}</arg>
<doc>Logs the given message to the console.</doc>
<status status="PASS" starttime="20230426 10:10:32.414" endtime="20230426 10:10:32.415"/>
</kw>
<status status="PASS" starttime="20230426 10:10:30.744" endtime="20230426 10:10:32.416"/>
</kw>
<kw name="demo alipay" library="keyword">
<arg>${merchantbox}</arg>
<arg>${merchantme}</arg>
<kw name="Select From List By Value" library="Selenium2Library">
<arg>${merchantbox}</arg>
<arg>${merchantme}</arg>
<doc>Selects options from selection list ``locator`` by ``values``.</doc>
<msg timestamp="20230426 10:10:32.418" level="INFO">Selecting options from selection list 'id:MerchantCode' by value M030371.</msg>
<status status="PASS" starttime="20230426 10:10:32.418" endtime="20230426 10:10:32.498"/>
</kw>
<kw name="Select From List By Value" library="Selenium2Library">
<arg>${channalbox}</arg>
<arg>${channalalipay}</arg>
<doc>Selects options from selection list ``locator`` by ``values``.</doc>
<msg timestamp="20230426 10:10:32.499" level="INFO">Selecting options from selection list 'id:ChannelID' by value epayment_alipay.</msg>
<status status="PASS" starttime="20230426 10:10:32.498" endtime="20230426 10:10:32.571"/>
</kw>
<kw name="Select From List By Value" library="Selenium2Library">
<arg>${routebox}</arg>
<arg>${routedata2}</arg>
<doc>Selects options from selection list ``locator`` by ``values``.</doc>
<msg timestamp="20230426 10:10:32.571" level="INFO">Selecting options from selection list 'id:RouteNo' by value 2.</msg>
<status status="PASS" starttime="20230426 10:10:32.571" endtime="20230426 10:10:32.636"/>
</kw>
<kw name="Input Text" library="Selenium2Library">
<arg>${amountbox}</arg>
<arg>${amountdata}</arg>
<doc>Types the given ``text`` into the text field identified by ``locator``.</doc>
<msg timestamp="20230426 10:10:32.637" level="INFO">Typing text '20' into text field 'id:Amount'.</msg>
<status status="PASS" starttime="20230426 10:10:32.636" endtime="20230426 10:10:32.749"/>
</kw>
<kw name="Click Element" library="Selenium2Library">
<arg>${paymentbutton}</arg>
<doc>Click the element identified by ``locator``.</doc>
<msg timestamp="20230426 10:10:32.750" level="INFO">Clicking element 'id:btnSubmit'.</msg>
<status status="PASS" starttime="20230426 10:10:32.749" endtime="20230426 10:10:32.973"/>
</kw>
<kw name="Log To Console" library="BuiltIn">
<arg>${\n} Amount : ${amountdata}</arg>
<doc>Logs the given message to the console.</doc>
<status status="PASS" starttime="20230426 10:10:32.973" endtime="20230426 10:10:32.974"/>
</kw>
<status status="PASS" starttime="20230426 10:10:32.416" endtime="20230426 10:10:32.974"/>
</kw>
<doc>Ali Pay
SIT Environment</doc>
<tag>SIT</tag>
<status status="PASS" starttime="20230426 10:10:30.744" endtime="20230426 10:10:32.974"/>
</test>
<status status="PASS" starttime="20230426 10:10:30.508" endtime="20230426 10:10:32.976"/>
</suite>
<statistics>
<total>
<stat pass="1" fail="0" skip="0">All Tests</stat>
</total>
<tag>
<stat pass="1" fail="0" skip="0">SIT</stat>
</tag>
<suite>
<stat pass="1" fail="0" skip="0" id="s1" name="Alipaypost">Alipaypost</stat>
</suite>
</statistics>
<errors>
</errors>
</robot>
