<?xml version="1.0" encoding="UTF-8"?>
<robot generator="Robot 6.0 (Python 3.11.0 on win32)" generated="20230519 16:50:34.706" rpa="false" schemaversion="3">
<suite id="s1" name="Linepay" source="C:\rotest\newtest\PROD Cancel\Testcaseprod\apiv.2\cancelprod\linepay.robot">
<test id="s1-t1" name="TC01 linepay PROD" line="7">
<kw name="openprod v2" library="keyword">
<arg>${prodv2}</arg>
<arg>${browser}</arg>
<kw name="Open Browser" library="Selenium2Library">
<arg>${prodv2}</arg>
<arg>${browser}</arg>
<doc>Opens a new browser instance to the optional ``url``.</doc>
<msg timestamp="20230519 16:50:34.897" level="INFO">Opening browser 'chrome' to base url 'https://dev-hwplugin.chillpay.co/chillpay/payment/prod/apiservice-payment02.php'.</msg>
<status status="PASS" starttime="20230519 16:50:34.897" endtime="20230519 16:50:36.418"/>
</kw>
<kw name="Wait Until Page Contains" library="Selenium2Library">
<arg>Merchant Code</arg>
<doc>Waits until ``text`` appears on the current page.</doc>
<status status="PASS" starttime="20230519 16:50:36.419" endtime="20230519 16:50:36.454"/>
</kw>
<kw name="Log To Console" library="BuiltIn">
<arg>${\n} ${\n} Open URL : ${prodv2}</arg>
<doc>Logs the given message to the console.</doc>
<status status="PASS" starttime="20230519 16:50:36.454" endtime="20230519 16:50:36.455"/>
</kw>
<status status="PASS" starttime="20230519 16:50:34.896" endtime="20230519 16:50:36.455"/>
</kw>
<kw name="linepay cancel" library="keyword">
<arg>${merchantbox}</arg>
<arg>${merchant9}</arg>
<kw name="Select From List By Value" library="Selenium2Library">
<arg>${merchantbox}</arg>
<arg>${merchant9}</arg>
<doc>Selects options from selection list ``locator`` by ``values``.</doc>
<msg timestamp="20230519 16:50:36.458" level="INFO">Selecting options from selection list 'id:MerchantCode' by value M000001-0009.</msg>
<status status="PASS" starttime="20230519 16:50:36.457" endtime="20230519 16:50:36.615"/>
</kw>
<kw name="Select From List By Value" library="Selenium2Library">
<arg>${channalbox}</arg>
<arg>${channellinepay}</arg>
<doc>Selects options from selection list ``locator`` by ``values``.</doc>
<msg timestamp="20230519 16:50:36.616" level="INFO">Selecting options from selection list 'id:ChannelID' by value epayment_linepay.</msg>
<status status="PASS" starttime="20230519 16:50:36.615" endtime="20230519 16:50:36.712"/>
</kw>
<kw name="Select From List By Value" library="Selenium2Library">
<arg>${routebox}</arg>
<arg>${routedata1}</arg>
<doc>Selects options from selection list ``locator`` by ``values``.</doc>
<msg timestamp="20230519 16:50:36.713" level="INFO">Selecting options from selection list 'id:RouteNo' by value 1.</msg>
<status status="PASS" starttime="20230519 16:50:36.712" endtime="20230519 16:50:36.784"/>
</kw>
<kw name="Input Text" library="Selenium2Library">
<arg>${amountbox}</arg>
<arg>${amountdata}</arg>
<doc>Types the given ``text`` into the text field identified by ``locator``.</doc>
<msg timestamp="20230519 16:50:36.785" level="INFO">Typing text '20' into text field 'id:Amount'.</msg>
<status status="PASS" starttime="20230519 16:50:36.784" endtime="20230519 16:50:36.912"/>
</kw>
<kw name="Click Element" library="Selenium2Library">
<arg>${paymentbutton}</arg>
<doc>Click the element identified by ``locator``.</doc>
<msg timestamp="20230519 16:50:36.913" level="INFO">Clicking element 'id:btnSubmit'.</msg>
<status status="PASS" starttime="20230519 16:50:36.912" endtime="20230519 16:50:45.033"/>
</kw>
<status status="PASS" starttime="20230519 16:50:36.456" endtime="20230519 16:50:45.033"/>
</kw>
<doc>prodv2 Environment</doc>
<tag>prod</tag>
<status status="PASS" starttime="20230519 16:50:34.896" endtime="20230519 16:50:45.033"/>
</test>
<test id="s1-t2" name="TC01 linepay PROD route2" line="15">
<kw name="openprod v2" library="keyword">
<arg>${prodv2}</arg>
<arg>${browser}</arg>
<kw name="Open Browser" library="Selenium2Library">
<arg>${prodv2}</arg>
<arg>${browser}</arg>
<doc>Opens a new browser instance to the optional ``url``.</doc>
<msg timestamp="20230519 16:50:45.035" level="INFO">Opening browser 'chrome' to base url 'https://dev-hwplugin.chillpay.co/chillpay/payment/prod/apiservice-payment02.php'.</msg>
<status status="PASS" starttime="20230519 16:50:45.034" endtime="20230519 16:50:47.446"/>
</kw>
<kw name="Wait Until Page Contains" library="Selenium2Library">
<arg>Merchant Code</arg>
<doc>Waits until ``text`` appears on the current page.</doc>
<status status="PASS" starttime="20230519 16:50:47.447" endtime="20230519 16:50:47.457"/>
</kw>
<kw name="Log To Console" library="BuiltIn">
<arg>${\n} ${\n} Open URL : ${prodv2}</arg>
<doc>Logs the given message to the console.</doc>
<status status="PASS" starttime="20230519 16:50:47.457" endtime="20230519 16:50:47.458"/>
</kw>
<status status="PASS" starttime="20230519 16:50:45.034" endtime="20230519 16:50:47.458"/>
</kw>
<kw name="linepay cancel route2" library="keyword">
<arg>${merchantbox}</arg>
<arg>${merchant9}</arg>
<kw name="Select From List By Value" library="Selenium2Library">
<arg>${merchantbox}</arg>
<arg>${merchant9}</arg>
<doc>Selects options from selection list ``locator`` by ``values``.</doc>
<msg timestamp="20230519 16:50:47.459" level="INFO">Selecting options from selection list 'id:MerchantCode' by value M000001-0009.</msg>
<status status="PASS" starttime="20230519 16:50:47.459" endtime="20230519 16:50:47.536"/>
</kw>
<kw name="Select From List By Value" library="Selenium2Library">
<arg>${channalbox}</arg>
<arg>${channellinepay}</arg>
<doc>Selects options from selection list ``locator`` by ``values``.</doc>
<msg timestamp="20230519 16:50:47.537" level="INFO">Selecting options from selection list 'id:ChannelID' by value epayment_linepay.</msg>
<status status="PASS" starttime="20230519 16:50:47.537" endtime="20230519 16:50:47.594"/>
</kw>
<kw name="Select From List By Value" library="Selenium2Library">
<arg>${routebox}</arg>
<arg>${routedata2}</arg>
<doc>Selects options from selection list ``locator`` by ``values``.</doc>
<msg timestamp="20230519 16:50:47.596" level="INFO">Selecting options from selection list 'id:RouteNo' by value 2.</msg>
<status status="PASS" starttime="20230519 16:50:47.594" endtime="20230519 16:50:47.654"/>
</kw>
<kw name="Input Text" library="Selenium2Library">
<arg>${amountbox}</arg>
<arg>${amountdata}</arg>
<doc>Types the given ``text`` into the text field identified by ``locator``.</doc>
<msg timestamp="20230519 16:50:47.655" level="INFO">Typing text '20' into text field 'id:Amount'.</msg>
<status status="PASS" starttime="20230519 16:50:47.654" endtime="20230519 16:50:47.735"/>
</kw>
<kw name="Click Element" library="Selenium2Library">
<arg>${paymentbutton}</arg>
<doc>Click the element identified by ``locator``.</doc>
<msg timestamp="20230519 16:50:47.737" level="INFO">Clicking element 'id:btnSubmit'.</msg>
<status status="PASS" starttime="20230519 16:50:47.735" endtime="20230519 16:50:49.127"/>
</kw>
<status status="PASS" starttime="20230519 16:50:47.458" endtime="20230519 16:50:49.127"/>
</kw>
<doc>prodv2 Environment</doc>
<tag>prod</tag>
<status status="PASS" starttime="20230519 16:50:45.034" endtime="20230519 16:50:49.127"/>
</test>
<status status="PASS" starttime="20230519 16:50:34.707" endtime="20230519 16:50:49.128"/>
</suite>
<statistics>
<total>
<stat pass="2" fail="0" skip="0">All Tests</stat>
</total>
<tag>
<stat pass="2" fail="0" skip="0">prod</stat>
</tag>
<suite>
<stat pass="2" fail="0" skip="0" id="s1" name="Linepay">Linepay</stat>
</suite>
</statistics>
<errors>
</errors>
</robot>
