<?xml version="1.0" encoding="UTF-8"?>
<robot generator="Robot 6.0 (Python 3.11.0 on win32)" generated="20230518 13:16:35.487" rpa="false" schemaversion="3">
<suite id="s1" name="Cimbnew" source="C:\rotest\newtest\PROD Cancel\Testcaseprod\apiv.2\cimbnew.robot">
<test id="s1-t1" name="TC01 qrcimb SIT" line="7">
<kw name="opensitapi" library="keyword">
<arg>${sitapi}</arg>
<arg>${browser}</arg>
<kw name="Open Browser" library="Selenium2Library">
<arg>${sitapi}</arg>
<arg>${browser}</arg>
<arg>options = Options()</arg>
<doc>Opens a new browser instance to the optional ``url``.</doc>
<msg timestamp="20230518 13:16:35.731" level="INFO">Opening browser 'chrome' to base url 'https://dev-hwplugin.chillpay.co/chillpay/payment/dev3/apiservice-payment02.php'.</msg>
<status status="PASS" starttime="20230518 13:16:35.730" endtime="20230518 13:16:37.892"/>
</kw>
<kw name="Log To Console" library="BuiltIn">
<arg>${\n} ${\n} Open URL : ${sitapi}</arg>
<doc>Logs the given message to the console.</doc>
<status status="PASS" starttime="20230518 13:16:37.892" endtime="20230518 13:16:37.894"/>
</kw>
<status status="PASS" starttime="20230518 13:16:35.730" endtime="20230518 13:16:37.894"/>
</kw>
<kw name="open sit cimb new" library="keyword">
<arg>${merchantbox}</arg>
<arg>${merchantM1}</arg>
<kw name="Select From List By Value" library="Selenium2Library">
<arg>${merchantbox}</arg>
<arg>${merchantMe}</arg>
<doc>Selects options from selection list ``locator`` by ``values``.</doc>
<msg timestamp="20230518 13:16:37.897" level="INFO">Selecting options from selection list 'id:MerchantCode' by value M000001.</msg>
<status status="PASS" starttime="20230518 13:16:37.896" endtime="20230518 13:16:37.992"/>
</kw>
<kw name="Select From List By Value" library="Selenium2Library">
<arg>${channalbox}</arg>
<arg>${channalqr}</arg>
<doc>Selects options from selection list ``locator`` by ``values``.</doc>
<msg timestamp="20230518 13:16:37.995" level="INFO">Selecting options from selection list 'id:ChannelID' by value bank_qrcode.</msg>
<status status="PASS" starttime="20230518 13:16:37.992" endtime="20230518 13:16:38.107"/>
</kw>
<kw name="Select From List By Value" library="Selenium2Library">
<arg>${routebox}</arg>
<arg>${routedata14}</arg>
<doc>Selects options from selection list ``locator`` by ``values``.</doc>
<msg timestamp="20230518 13:16:38.108" level="INFO">Selecting options from selection list 'id:RouteNo' by value 14.</msg>
<status status="PASS" starttime="20230518 13:16:38.107" endtime="20230518 13:16:38.205"/>
</kw>
<kw name="Input Text" library="Selenium2Library">
<arg>${amountbox}</arg>
<arg>${amount500}</arg>
<doc>Types the given ``text`` into the text field identified by ``locator``.</doc>
<msg timestamp="20230518 13:16:38.206" level="INFO">Typing text '500' into text field 'id:Amount'.</msg>
<status status="PASS" starttime="20230518 13:16:38.205" endtime="20230518 13:16:38.314"/>
</kw>
<kw name="Click Element" library="Selenium2Library">
<arg>${paymentbutton}</arg>
<doc>Click the element identified by ``locator``.</doc>
<msg timestamp="20230518 13:16:38.315" level="INFO">Clicking element 'id:btnSubmit'.</msg>
<status status="PASS" starttime="20230518 13:16:38.314" endtime="20230518 13:16:54.820"/>
</kw>
<kw name="Log To Console" library="BuiltIn">
<arg>${\n} Amount : ${amountdata}</arg>
<doc>Logs the given message to the console.</doc>
<status status="PASS" starttime="20230518 13:16:54.820" endtime="20230518 13:16:54.821"/>
</kw>
<kw name="Wait Until Page Contains" library="Selenium2Library">
<arg>QR PAYMENT</arg>
<doc>Waits until ``text`` appears on the current page.</doc>
<status status="PASS" starttime="20230518 13:16:54.821" endtime="20230518 13:17:05.349"/>
</kw>
<kw name="Click Element" library="Selenium2Library">
<arg>${btnsave}</arg>
<doc>Click the element identified by ``locator``.</doc>
<msg timestamp="20230518 13:17:05.350" level="INFO">Clicking element 'id:BtnSaveQR'.</msg>
<status status="PASS" starttime="20230518 13:17:05.349" endtime="20230518 13:17:05.379"/>
</kw>
<status status="PASS" starttime="20230518 13:16:37.895" endtime="20230518 13:17:05.379"/>
</kw>
<kw name="get value qr" library="keyword">
<arg>${qrsuccess}</arg>
<arg>${browser}</arg>
<kw name="Wait Until Element Is Visible" library="Selenium2Library">
<arg>BtnSaveQR</arg>
<arg>10</arg>
<doc>Waits until the element ``locator`` is visible.</doc>
<status status="PASS" starttime="20230518 13:17:05.380" endtime="20230518 13:17:05.466"/>
</kw>
<kw name="Get Value" library="Selenium2Library">
<var>${ver}</var>
<arg>${gettnx}</arg>
<doc>Returns the value attribute of the element identified by ``locator``.</doc>
<msg timestamp="20230518 13:17:05.483" level="INFO">${ver} = 332687</msg>
<status status="PASS" starttime="20230518 13:17:05.467" endtime="20230518 13:17:05.483"/>
</kw>
<kw name="Set Global Variable" library="BuiltIn">
<arg>${ver}</arg>
<doc>Makes a variable available globally in all tests and suites.</doc>
<msg timestamp="20230518 13:17:05.485" level="INFO">${ver} = 332687</msg>
<status status="PASS" starttime="20230518 13:17:05.483" endtime="20230518 13:17:05.485"/>
</kw>
<kw name="Open Browser" library="Selenium2Library">
<arg>${qrsuccess}</arg>
<arg>${browser}</arg>
<doc>Opens a new browser instance to the optional ``url``.</doc>
<msg timestamp="20230518 13:17:05.485" level="INFO">Opening browser 'chrome' to base url 'https://dev-hwplugin.chillpay.co/chillpay/payment/dev3/confirm-transaction.php'.</msg>
<status status="PASS" starttime="20230518 13:17:05.485" endtime="20230518 13:17:06.940"/>
</kw>
<kw name="Select From List By Value" library="Selenium2Library">
<arg>${channalbox}</arg>
<arg>QRCODE</arg>
<doc>Selects options from selection list ``locator`` by ``values``.</doc>
<msg timestamp="20230518 13:17:06.942" level="INFO">Selecting options from selection list 'id:ChannelID' by value QRCODE.</msg>
<status status="PASS" starttime="20230518 13:17:06.942" endtime="20230518 13:17:07.018"/>
</kw>
<kw name="Input Text" library="Selenium2Library">
<arg>xpath://*[@id="OrderNo"]</arg>
<arg>${ver}</arg>
<doc>Types the given ``text`` into the text field identified by ``locator``.</doc>
<msg timestamp="20230518 13:17:07.018" level="INFO">Typing text '332687' into text field 'xpath://*[@id="OrderNo"]'.</msg>
<status status="PASS" starttime="20230518 13:17:07.018" endtime="20230518 13:17:07.109"/>
</kw>
<kw name="Input Text" library="Selenium2Library">
<arg>xpath://*[@id="Amount"]</arg>
<arg>${amountdata}</arg>
<doc>Types the given ``text`` into the text field identified by ``locator``.</doc>
<msg timestamp="20230518 13:17:07.111" level="INFO">Typing text '20' into text field 'xpath://*[@id="Amount"]'.</msg>
<status status="PASS" starttime="20230518 13:17:07.111" endtime="20230518 13:17:07.180"/>
</kw>
<status status="PASS" starttime="20230518 13:17:05.379" endtime="20230518 13:17:07.180"/>
</kw>
<doc>Ali Pay
SIT Environment</doc>
<tag>SIT</tag>
<status status="PASS" starttime="20230518 13:16:35.729" endtime="20230518 13:17:07.180"/>
</test>
<status status="PASS" starttime="20230518 13:16:35.488" endtime="20230518 13:17:07.181"/>
</suite>
<statistics>
<total>
<stat pass="1" fail="0" skip="0">All Tests</stat>
</total>
<tag>
<stat pass="1" fail="0" skip="0">SIT</stat>
</tag>
<suite>
<stat pass="1" fail="0" skip="0" id="s1" name="Cimbnew">Cimbnew</stat>
</suite>
</statistics>
<errors>
</errors>
</robot>
