<?xml version="1.0" encoding="UTF-8"?>
<robot generator="Robot 6.0 (Python 3.11.0 on win32)" generated="20230510 13:48:23.573" rpa="false" schemaversion="3">
<suite id="s1" name="Cimbnew" source="C:\rotest\newtest\extest\Testcaseprod\apiv.2\cimbnew.robot">
<test id="s1-t1" name="TC01 qrcimb SIT" line="7">
<kw name="opensitapi" library="keyword">
<arg>${sitapi}</arg>
<arg>${browser}</arg>
<kw name="Open Browser" library="Selenium2Library">
<arg>${sitapi}</arg>
<arg>${browser}</arg>
<arg>options = Options()</arg>
<doc>Opens a new browser instance to the optional ``url``.</doc>
<msg timestamp="20230510 13:48:23.743" level="INFO">Opening browser 'chrome' to base url 'https://dev-hwplugin.chillpay.co/chillpay/payment/dev3/apiservice-payment02.php'.</msg>
<status status="PASS" starttime="20230510 13:48:23.743" endtime="20230510 13:48:25.272"/>
</kw>
<kw name="Log To Console" library="BuiltIn">
<arg>${\n} ${\n} Open URL : ${sitapi}</arg>
<doc>Logs the given message to the console.</doc>
<status status="PASS" starttime="20230510 13:48:25.272" endtime="20230510 13:48:25.273"/>
</kw>
<status status="PASS" starttime="20230510 13:48:23.742" endtime="20230510 13:48:25.273"/>
</kw>
<kw name="open sit cimb new" library="keyword">
<arg>${merchantbox}</arg>
<arg>${merchantM1}</arg>
<kw name="Select From List By Value" library="Selenium2Library">
<arg>${merchantbox}</arg>
<arg>${merchantMe}</arg>
<doc>Selects options from selection list ``locator`` by ``values``.</doc>
<msg timestamp="20230510 13:48:25.275" level="INFO">Selecting options from selection list 'id:MerchantCode' by value M000001.</msg>
<status status="PASS" starttime="20230510 13:48:25.274" endtime="20230510 13:48:25.338"/>
</kw>
<kw name="Select From List By Value" library="Selenium2Library">
<arg>${channalbox}</arg>
<arg>${channalqr}</arg>
<doc>Selects options from selection list ``locator`` by ``values``.</doc>
<msg timestamp="20230510 13:48:25.338" level="INFO">Selecting options from selection list 'id:ChannelID' by value bank_qrcode.</msg>
<status status="PASS" starttime="20230510 13:48:25.338" endtime="20230510 13:48:25.389"/>
</kw>
<kw name="Select From List By Value" library="Selenium2Library">
<arg>${routebox}</arg>
<arg>${routedata14}</arg>
<doc>Selects options from selection list ``locator`` by ``values``.</doc>
<msg timestamp="20230510 13:48:25.389" level="INFO">Selecting options from selection list 'id:RouteNo' by value 14.</msg>
<status status="PASS" starttime="20230510 13:48:25.389" endtime="20230510 13:48:25.445"/>
</kw>
<kw name="Input Text" library="Selenium2Library">
<arg>${amountbox}</arg>
<arg>${amountdata}</arg>
<doc>Types the given ``text`` into the text field identified by ``locator``.</doc>
<msg timestamp="20230510 13:48:25.445" level="INFO">Typing text '20' into text field 'id:Amount'.</msg>
<status status="PASS" starttime="20230510 13:48:25.445" endtime="20230510 13:48:25.524"/>
</kw>
<kw name="Click Element" library="Selenium2Library">
<arg>${paymentbutton}</arg>
<doc>Click the element identified by ``locator``.</doc>
<msg timestamp="20230510 13:48:25.530" level="INFO">Clicking element 'id:btnSubmit'.</msg>
<status status="PASS" starttime="20230510 13:48:25.530" endtime="20230510 13:48:26.326"/>
</kw>
<kw name="Log To Console" library="BuiltIn">
<arg>${\n} Amount : ${amountdata}</arg>
<doc>Logs the given message to the console.</doc>
<status status="PASS" starttime="20230510 13:48:26.326" endtime="20230510 13:48:26.327"/>
</kw>
<kw name="Wait Until Page Contains" library="Selenium2Library">
<arg>QR PAYMENT</arg>
<doc>Waits until ``text`` appears on the current page.</doc>
<status status="PASS" starttime="20230510 13:48:26.327" endtime="20230510 13:48:29.461"/>
</kw>
<kw name="Click Element" library="Selenium2Library">
<arg>${btnsave}</arg>
<doc>Click the element identified by ``locator``.</doc>
<msg timestamp="20230510 13:48:29.462" level="INFO">Clicking element 'id:BtnSaveQR'.</msg>
<status status="PASS" starttime="20230510 13:48:29.461" endtime="20230510 13:48:29.498"/>
</kw>
<status status="PASS" starttime="20230510 13:48:25.274" endtime="20230510 13:48:29.498"/>
</kw>
<kw name="get value qr" library="keyword">
<arg>${qrsuccess}</arg>
<arg>${browser}</arg>
<kw name="Wait Until Element Is Visible" library="Selenium2Library">
<arg>BtnSaveQR</arg>
<arg>10</arg>
<doc>Waits until the element ``locator`` is visible.</doc>
<status status="PASS" starttime="20230510 13:48:29.499" endtime="20230510 13:48:29.533"/>
</kw>
<kw name="Get Value" library="Selenium2Library">
<var>${ver}</var>
<arg>${gettnx}</arg>
<doc>Returns the value attribute of the element identified by ``locator``.</doc>
<msg timestamp="20230510 13:48:29.555" level="INFO">${ver} = 328990</msg>
<status status="PASS" starttime="20230510 13:48:29.533" endtime="20230510 13:48:29.555"/>
</kw>
<kw name="Set Global Variable" library="BuiltIn">
<arg>${ver}</arg>
<doc>Makes a variable available globally in all tests and suites.</doc>
<msg timestamp="20230510 13:48:29.556" level="INFO">${ver} = 328990</msg>
<status status="PASS" starttime="20230510 13:48:29.555" endtime="20230510 13:48:29.556"/>
</kw>
<kw name="Open Browser" library="Selenium2Library">
<arg>${qrsuccess}</arg>
<arg>${browser}</arg>
<doc>Opens a new browser instance to the optional ``url``.</doc>
<msg timestamp="20230510 13:48:29.556" level="INFO">Opening browser 'chrome' to base url 'https://dev-hwplugin.chillpay.co/chillpay/payment/dev3/confirm-transaction.php'.</msg>
<status status="PASS" starttime="20230510 13:48:29.556" endtime="20230510 13:48:30.992"/>
</kw>
<kw name="Select From List By Value" library="Selenium2Library">
<arg>${channalbox}</arg>
<arg>QRCODE</arg>
<doc>Selects options from selection list ``locator`` by ``values``.</doc>
<msg timestamp="20230510 13:48:30.992" level="INFO">Selecting options from selection list 'id:ChannelID' by value QRCODE.</msg>
<status status="PASS" starttime="20230510 13:48:30.992" endtime="20230510 13:48:31.099"/>
</kw>
<kw name="Input Text" library="Selenium2Library">
<arg>xpath://*[@id="OrderNo"]</arg>
<arg>${ver}</arg>
<doc>Types the given ``text`` into the text field identified by ``locator``.</doc>
<msg timestamp="20230510 13:48:31.100" level="INFO">Typing text '328990' into text field 'xpath://*[@id="OrderNo"]'.</msg>
<status status="PASS" starttime="20230510 13:48:31.099" endtime="20230510 13:48:31.202"/>
</kw>
<kw name="Input Text" library="Selenium2Library">
<arg>xpath://*[@id="Amount"]</arg>
<arg>${amountdata}</arg>
<doc>Types the given ``text`` into the text field identified by ``locator``.</doc>
<msg timestamp="20230510 13:48:31.203" level="INFO">Typing text '20' into text field 'xpath://*[@id="Amount"]'.</msg>
<status status="PASS" starttime="20230510 13:48:31.202" endtime="20230510 13:48:31.355"/>
</kw>
<kw name="Click Element" library="Selenium2Library">
<arg>xpath://*[@id="btnSubmit"]</arg>
<doc>Click the element identified by ``locator``.</doc>
<msg timestamp="20230510 13:48:31.355" level="INFO">Clicking element 'xpath://*[@id="btnSubmit"]'.</msg>
<status status="PASS" starttime="20230510 13:48:31.355" endtime="20230510 13:48:31.638"/>
</kw>
<kw name="Sleep" library="BuiltIn">
<arg>3</arg>
<doc>Pauses the test executed for the given time.</doc>
<msg timestamp="20230510 13:48:34.638" level="INFO">Slept 3 seconds</msg>
<status status="PASS" starttime="20230510 13:48:31.638" endtime="20230510 13:48:34.638"/>
</kw>
<kw name="Close Window" library="Selenium2Library">
<doc>Closes currently opened and selected browser window/tab.</doc>
<status status="PASS" starttime="20230510 13:48:34.638" endtime="20230510 13:48:34.720"/>
</kw>
<status status="PASS" starttime="20230510 13:48:29.498" endtime="20230510 13:48:34.721"/>
</kw>
<doc>Ali Pay
SIT Environment</doc>
<tag>SIT</tag>
<status status="PASS" starttime="20230510 13:48:23.742" endtime="20230510 13:48:34.721"/>
</test>
<status status="PASS" starttime="20230510 13:48:23.574" endtime="20230510 13:48:34.723"/>
</suite>
<statistics>
<total>
<stat pass="1" fail="0" skip="0">All Tests</stat>
</total>
<tag>
<stat pass="1" fail="0" skip="0">SIT</stat>
</tag>
<suite>
<stat pass="1" fail="0" skip="0" id="s1" name="Cimbnew">Cimbnew</stat>
</suite>
</statistics>
<errors>
</errors>
</robot>
